<?xml version="1.0" encoding="UTF-8"?>
<testsuite xmlns:xsi="http://www.w3.org/2001/XMLSchema-instance" xsi:noNamespaceSchemaLocation="https://maven.apache.org/surefire/maven-surefire-plugin/xsd/surefire-test-report.xsd" version="3.0.2" name="com.example.demo.DemoApplicationTests" time="1.099" tests="1" errors="0" skipped="0" failures="0">
  <properties>
    <property name="java.specification.version" value="17"/>
    <property name="sun.jnu.encoding" value="UTF-8"/>
    <property name="java.class.path" value="/Users/liudmyla.storozhuk/ls-demo-app/target/test-classes:/Users/liudmyla.storozhuk/ls-demo-app/target/classes:/Users/liudmyla.storozhuk/repository/org/springframework/boot/spring-boot-starter-web/3.4.3/spring-boot-starter-web-3.4.3.jar:/Users/liudmyla.storozhuk/repository/org/springframework/boot/spring-boot-starter/3.4.3/spring-boot-starter-3.4.3.jar:/Users/liudmyla.storozhuk/repository/org/springframework/boot/spring-boot/3.4.3/spring-boot-3.4.3.jar:/Users/liudmyla.storozhuk/repository/org/springframework/boot/spring-boot-autoconfigure/3.4.3/spring-boot-autoconfigure-3.4.3.jar:/Users/liudmyla.storozhuk/repository/org/springframework/boot/spring-boot-starter-logging/3.4.3/spring-boot-starter-logging-3.4.3.jar:/Users/liudmyla.storozhuk/repository/ch/qos/logback/logback-classic/1.5.16/logback-classic-1.5.16.jar:/Users/liudmyla.storozhuk/repository/ch/qos/logback/logback-core/1.5.16/logback-core-1.5.16.jar:/Users/liudmyla.storozhuk/repository/org/apache/logging/log4j/log4j-to-slf4j/2.24.3/log4j-to-slf4j-2.24.3.jar:/Users/liudmyla.storozhuk/repository/org/apache/logging/log4j/log4j-api/2.24.3/log4j-api-2.24.3.jar:/Users/liudmyla.storozhuk/repository/org/slf4j/jul-to-slf4j/2.0.16/jul-to-slf4j-2.0.16.jar:/Users/liudmyla.storozhuk/repository/jakarta/annotation/jakarta.annotation-api/2.1.1/jakarta.annotation-api-2.1.1.jar:/Users/liudmyla.storozhuk/repository/org/yaml/snakeyaml/2.3/snakeyaml-2.3.jar:/Users/liudmyla.storozhuk/repository/org/springframework/boot/spring-boot-starter-json/3.4.3/spring-boot-starter-json-3.4.3.jar:/Users/liudmyla.storozhuk/repository/com/fasterxml/jackson/core/jackson-databind/2.18.2/jackson-databind-2.18.2.jar:/Users/liudmyla.storozhuk/repository/com/fasterxml/jackson/core/jackson-annotations/2.18.2/jackson-annotations-2.18.2.jar:/Users/liudmyla.storozhuk/repository/com/fasterxml/jackson/core/jackson-core/2.18.2/jackson-core-2.18.2.jar:/Users/liudmyla.storozhuk/repository/com/fasterxml/jackson/datatype/jackson-datatype-jdk8/2.18.2/jackson-datatype-jdk8-2.18.2.jar:/Users/liudmyla.storozhuk/repository/com/fasterxml/jackson/datatype/jackson-datatype-jsr310/2.18.2/jackson-datatype-jsr310-2.18.2.jar:/Users/liudmyla.storozhuk/repository/com/fasterxml/jackson/module/jackson-module-parameter-names/2.18.2/jackson-module-parameter-names-2.18.2.jar:/Users/liudmyla.storozhuk/repository/org/springframework/boot/spring-boot-starter-tomcat/3.4.3/spring-boot-starter-tomcat-3.4.3.jar:/Users/liudmyla.storozhuk/repository/org/apache/tomcat/embed/tomcat-embed-el/10.1.36/tomcat-embed-el-10.1.36.jar:/Users/liudmyla.storozhuk/repository/org/apache/tomcat/embed/tomcat-embed-websocket/10.1.36/tomcat-embed-websocket-10.1.36.jar:/Users/liudmyla.storozhuk/repository/org/springframework/spring-web/6.2.3/spring-web-6.2.3.jar:/Users/liudmyla.storozhuk/repository/org/springframework/spring-beans/6.2.3/spring-beans-6.2.3.jar:/Users/liudmyla.storozhuk/repository/io/micrometer/micrometer-observation/1.14.4/micrometer-observation-1.14.4.jar:/Users/liudmyla.storozhuk/repository/io/micrometer/micrometer-commons/1.14.4/micrometer-commons-1.14.4.jar:/Users/liudmyla.storozhuk/repository/org/springframework/spring-webmvc/6.2.3/spring-webmvc-6.2.3.jar:/Users/liudmyla.storozhuk/repository/org/springframework/spring-context/6.2.3/spring-context-6.2.3.jar:/Users/liudmyla.storozhuk/repository/org/springframework/spring-expression/6.2.3/spring-expression-6.2.3.jar:/Users/liudmyla.storozhuk/repository/org/springframework/boot/spring-boot-starter-security/3.4.3/spring-boot-starter-security-3.4.3.jar:/Users/liudmyla.storozhuk/repository/org/springframework/spring-aop/6.2.3/spring-aop-6.2.3.jar:/Users/liudmyla.storozhuk/repository/org/springframework/security/spring-security-config/6.4.3/spring-security-config-6.4.3.jar:/Users/liudmyla.storozhuk/repository/org/springframework/security/spring-security-core/6.4.3/spring-security-core-6.4.3.jar:/Users/liudmyla.storozhuk/repository/org/springframework/security/spring-security-crypto/6.4.3/spring-security-crypto-6.4.3.jar:/Users/liudmyla.storozhuk/repository/org/springframework/security/spring-security-web/6.4.3/spring-security-web-6.4.3.jar:/Users/liudmyla.storozhuk/repository/org/projectlombok/lombok/1.18.36/lombok-1.18.36.jar:/Users/liudmyla.storozhuk/repository/org/springframework/boot/spring-boot-starter-test/3.4.3/spring-boot-starter-test-3.4.3.jar:/Users/liudmyla.storozhuk/repository/org/springframework/boot/spring-boot-test/3.4.3/spring-boot-test-3.4.3.jar:/Users/liudmyla.storozhuk/repository/org/springframework/boot/spring-boot-test-autoconfigure/3.4.3/spring-boot-test-autoconfigure-3.4.3.jar:/Users/liudmyla.storozhuk/repository/com/jayway/jsonpath/json-path/2.9.0/json-path-2.9.0.jar:/Users/liudmyla.storozhuk/repository/org/slf4j/slf4j-api/2.0.16/slf4j-api-2.0.16.jar:/Users/liudmyla.storozhuk/repository/jakarta/xml/bind/jakarta.xml.bind-api/4.0.2/jakarta.xml.bind-api-4.0.2.jar:/Users/liudmyla.storozhuk/repository/jakarta/activation/jakarta.activation-api/2.1.3/jakarta.activation-api-2.1.3.jar:/Users/liudmyla.storozhuk/repository/net/minidev/json-smart/2.5.2/json-smart-2.5.2.jar:/Users/liudmyla.storozhuk/repository/net/minidev/accessors-smart/2.5.2/accessors-smart-2.5.2.jar:/Users/liudmyla.storozhuk/repository/org/ow2/asm/asm/9.7.1/asm-9.7.1.jar:/Users/liudmyla.storozhuk/repository/org/assertj/assertj-core/3.26.3/assertj-core-3.26.3.jar:/Users/liudmyla.storozhuk/repository/net/bytebuddy/byte-buddy/1.15.11/byte-buddy-1.15.11.jar:/Users/liudmyla.storozhuk/repository/org/awaitility/awaitility/4.2.2/awaitility-4.2.2.jar:/Users/liudmyla.storozhuk/repository/org/hamcrest/hamcrest/2.2/hamcrest-2.2.jar:/Users/liudmyla.storozhuk/repository/org/junit/jupiter/junit-jupiter/5.11.4/junit-jupiter-5.11.4.jar:/Users/liudmyla.storozhuk/repository/org/junit/jupiter/junit-jupiter-api/5.11.4/junit-jupiter-api-5.11.4.jar:/Users/liudmyla.storozhuk/repository/org/opentest4j/opentest4j/1.3.0/opentest4j-1.3.0.jar:/Users/liudmyla.storozhuk/repository/org/junit/platform/junit-platform-commons/1.11.4/junit-platform-commons-1.11.4.jar:/Users/liudmyla.storozhuk/repository/org/apiguardian/apiguardian-api/1.1.2/apiguardian-api-1.1.2.jar:/Users/liudmyla.storozhuk/repository/org/junit/jupiter/junit-jupiter-params/5.11.4/junit-jupiter-params-5.11.4.jar:/Users/liudmyla.storozhuk/repository/org/junit/jupiter/junit-jupiter-engine/5.11.4/junit-jupiter-engine-5.11.4.jar:/Users/liudmyla.storozhuk/repository/org/junit/platform/junit-platform-engine/1.11.4/junit-platform-engine-1.11.4.jar:/Users/liudmyla.storozhuk/repository/org/mockito/mockito-core/5.14.2/mockito-core-5.14.2.jar:/Users/liudmyla.storozhuk/repository/net/bytebuddy/byte-buddy-agent/1.15.11/byte-buddy-agent-1.15.11.jar:/Users/liudmyla.storozhuk/repository/org/objenesis/objenesis/3.3/objenesis-3.3.jar:/Users/liudmyla.storozhuk/repository/org/mockito/mockito-junit-jupiter/5.14.2/mockito-junit-jupiter-5.14.2.jar:/Users/liudmyla.storozhuk/repository/org/skyscreamer/jsonassert/1.5.3/jsonassert-1.5.3.jar:/Users/liudmyla.storozhuk/repository/com/vaadin/external/google/android-json/0.0.20131108.vaadin1/android-json-0.0.20131108.vaadin1.jar:/Users/liudmyla.storozhuk/repository/org/springframework/spring-core/6.2.3/spring-core-6.2.3.jar:/Users/liudmyla.storozhuk/repository/org/springframework/spring-jcl/6.2.3/spring-jcl-6.2.3.jar:/Users/liudmyla.storozhuk/repository/org/springframework/spring-test/6.2.3/spring-test-6.2.3.jar:/Users/liudmyla.storozhuk/repository/org/xmlunit/xmlunit-core/2.10.0/xmlunit-core-2.10.0.jar:/Users/liudmyla.storozhuk/repository/jakarta/servlet/jakarta.servlet-api/6.0.0/jakarta.servlet-api-6.0.0.jar:/Users/liudmyla.storozhuk/repository/org/apache/tomcat/embed/tomcat-embed-core/10.1.36/tomcat-embed-core-10.1.36.jar:/Users/liudmyla.storozhuk/repository/org/apache/tomcat/tomcat-annotations-api/10.1.36/tomcat-annotations-api-10.1.36.jar:"/>
    <property name="java.vm.vendor" value="Homebrew"/>
    <property name="sun.arch.data.model" value="64"/>
    <property name="java.vendor.url" value="https://github.com/Homebrew/homebrew-core/issues"/>
    <property name="user.timezone" value="Europe/Rome"/>
    <property name="os.name" value="Mac OS X"/>
    <property name="java.vm.specification.version" value="17"/>
    <property name="sun.java.launcher" value="SUN_STANDARD"/>
    <property name="user.country" value="IT"/>
    <property name="sun.boot.library.path" value="/opt/homebrew/Cellar/openjdk@17/17.0.14/libexec/openjdk.jdk/Contents/Home/lib"/>
    <property name="sun.java.command" value="/Users/liudmyla.storozhuk/ls-demo-app/target/surefire/surefirebooter-20250226164505055_3.jar /Users/liudmyla.storozhuk/ls-demo-app/target/surefire 2025-02-26T16-45-05_023-jvmRun1 surefire-20250226164505055_1tmp surefire_0-20250226164505055_2tmp"/>
    <property name="http.nonProxyHosts" value="local|*.local|169.254/16|*.169.254/16"/>
    <property name="jdk.debug" value="release"/>
    <property name="surefire.test.class.path" value="/Users/liudmyla.storozhuk/ls-demo-app/target/test-classes:/Users/liudmyla.storozhuk/ls-demo-app/target/classes:/Users/liudmyla.storozhuk/repository/org/springframework/boot/spring-boot-starter-web/3.4.3/spring-boot-starter-web-3.4.3.jar:/Users/liudmyla.storozhuk/repository/org/springframework/boot/spring-boot-starter/3.4.3/spring-boot-starter-3.4.3.jar:/Users/liudmyla.storozhuk/repository/org/springframework/boot/spring-boot/3.4.3/spring-boot-3.4.3.jar:/Users/liudmyla.storozhuk/repository/org/springframework/boot/spring-boot-autoconfigure/3.4.3/spring-boot-autoconfigure-3.4.3.jar:/Users/liudmyla.storozhuk/repository/org/springframework/boot/spring-boot-starter-logging/3.4.3/spring-boot-starter-logging-3.4.3.jar:/Users/liudmyla.storozhuk/repository/ch/qos/logback/logback-classic/1.5.16/logback-classic-1.5.16.jar:/Users/liudmyla.storozhuk/repository/ch/qos/logback/logback-core/1.5.16/logback-core-1.5.16.jar:/Users/liudmyla.storozhuk/repository/org/apache/logging/log4j/log4j-to-slf4j/2.24.3/log4j-to-slf4j-2.24.3.jar:/Users/liudmyla.storozhuk/repository/org/apache/logging/log4j/log4j-api/2.24.3/log4j-api-2.24.3.jar:/Users/liudmyla.storozhuk/repository/org/slf4j/jul-to-slf4j/2.0.16/jul-to-slf4j-2.0.16.jar:/Users/liudmyla.storozhuk/repository/jakarta/annotation/jakarta.annotation-api/2.1.1/jakarta.annotation-api-2.1.1.jar:/Users/liudmyla.storozhuk/repository/org/yaml/snakeyaml/2.3/snakeyaml-2.3.jar:/Users/liudmyla.storozhuk/repository/org/springframework/boot/spring-boot-starter-json/3.4.3/spring-boot-starter-json-3.4.3.jar:/Users/liudmyla.storozhuk/repository/com/fasterxml/jackson/core/jackson-databind/2.18.2/jackson-databind-2.18.2.jar:/Users/liudmyla.storozhuk/repository/com/fasterxml/jackson/core/jackson-annotations/2.18.2/jackson-annotations-2.18.2.jar:/Users/liudmyla.storozhuk/repository/com/fasterxml/jackson/core/jackson-core/2.18.2/jackson-core-2.18.2.jar:/Users/liudmyla.storozhuk/repository/com/fasterxml/jackson/datatype/jackson-datatype-jdk8/2.18.2/jackson-datatype-jdk8-2.18.2.jar:/Users/liudmyla.storozhuk/repository/com/fasterxml/jackson/datatype/jackson-datatype-jsr310/2.18.2/jackson-datatype-jsr310-2.18.2.jar:/Users/liudmyla.storozhuk/repository/com/fasterxml/jackson/module/jackson-module-parameter-names/2.18.2/jackson-module-parameter-names-2.18.2.jar:/Users/liudmyla.storozhuk/repository/org/springframework/boot/spring-boot-starter-tomcat/3.4.3/spring-boot-starter-tomcat-3.4.3.jar:/Users/liudmyla.storozhuk/repository/org/apache/tomcat/embed/tomcat-embed-el/10.1.36/tomcat-embed-el-10.1.36.jar:/Users/liudmyla.storozhuk/repository/org/apache/tomcat/embed/tomcat-embed-websocket/10.1.36/tomcat-embed-websocket-10.1.36.jar:/Users/liudmyla.storozhuk/repository/org/springframework/spring-web/6.2.3/spring-web-6.2.3.jar:/Users/liudmyla.storozhuk/repository/org/springframework/spring-beans/6.2.3/spring-beans-6.2.3.jar:/Users/liudmyla.storozhuk/repository/io/micrometer/micrometer-observation/1.14.4/micrometer-observation-1.14.4.jar:/Users/liudmyla.storozhuk/repository/io/micrometer/micrometer-commons/1.14.4/micrometer-commons-1.14.4.jar:/Users/liudmyla.storozhuk/repository/org/springframework/spring-webmvc/6.2.3/spring-webmvc-6.2.3.jar:/Users/liudmyla.storozhuk/repository/org/springframework/spring-context/6.2.3/spring-context-6.2.3.jar:/Users/liudmyla.storozhuk/repository/org/springframework/spring-expression/6.2.3/spring-expression-6.2.3.jar:/Users/liudmyla.storozhuk/repository/org/springframework/boot/spring-boot-starter-security/3.4.3/spring-boot-starter-security-3.4.3.jar:/Users/liudmyla.storozhuk/repository/org/springframework/spring-aop/6.2.3/spring-aop-6.2.3.jar:/Users/liudmyla.storozhuk/repository/org/springframework/security/spring-security-config/6.4.3/spring-security-config-6.4.3.jar:/Users/liudmyla.storozhuk/repository/org/springframework/security/spring-security-core/6.4.3/spring-security-core-6.4.3.jar:/Users/liudmyla.storozhuk/repository/org/springframework/security/spring-security-crypto/6.4.3/spring-security-crypto-6.4.3.jar:/Users/liudmyla.storozhuk/repository/org/springframework/security/spring-security-web/6.4.3/spring-security-web-6.4.3.jar:/Users/liudmyla.storozhuk/repository/org/projectlombok/lombok/1.18.36/lombok-1.18.36.jar:/Users/liudmyla.storozhuk/repository/org/springframework/boot/spring-boot-starter-test/3.4.3/spring-boot-starter-test-3.4.3.jar:/Users/liudmyla.storozhuk/repository/org/springframework/boot/spring-boot-test/3.4.3/spring-boot-test-3.4.3.jar:/Users/liudmyla.storozhuk/repository/org/springframework/boot/spring-boot-test-autoconfigure/3.4.3/spring-boot-test-autoconfigure-3.4.3.jar:/Users/liudmyla.storozhuk/repository/com/jayway/jsonpath/json-path/2.9.0/json-path-2.9.0.jar:/Users/liudmyla.storozhuk/repository/org/slf4j/slf4j-api/2.0.16/slf4j-api-2.0.16.jar:/Users/liudmyla.storozhuk/repository/jakarta/xml/bind/jakarta.xml.bind-api/4.0.2/jakarta.xml.bind-api-4.0.2.jar:/Users/liudmyla.storozhuk/repository/jakarta/activation/jakarta.activation-api/2.1.3/jakarta.activation-api-2.1.3.jar:/Users/liudmyla.storozhuk/repository/net/minidev/json-smart/2.5.2/json-smart-2.5.2.jar:/Users/liudmyla.storozhuk/repository/net/minidev/accessors-smart/2.5.2/accessors-smart-2.5.2.jar:/Users/liudmyla.storozhuk/repository/org/ow2/asm/asm/9.7.1/asm-9.7.1.jar:/Users/liudmyla.storozhuk/repository/org/assertj/assertj-core/3.26.3/assertj-core-3.26.3.jar:/Users/liudmyla.storozhuk/repository/net/bytebuddy/byte-buddy/1.15.11/byte-buddy-1.15.11.jar:/Users/liudmyla.storozhuk/repository/org/awaitility/awaitility/4.2.2/awaitility-4.2.2.jar:/Users/liudmyla.storozhuk/repository/org/hamcrest/hamcrest/2.2/hamcrest-2.2.jar:/Users/liudmyla.storozhuk/repository/org/junit/jupiter/junit-jupiter/5.11.4/junit-jupiter-5.11.4.jar:/Users/liudmyla.storozhuk/repository/org/junit/jupiter/junit-jupiter-api/5.11.4/junit-jupiter-api-5.11.4.jar:/Users/liudmyla.storozhuk/repository/org/opentest4j/opentest4j/1.3.0/opentest4j-1.3.0.jar:/Users/liudmyla.storozhuk/repository/org/junit/platform/junit-platform-commons/1.11.4/junit-platform-commons-1.11.4.jar:/Users/liudmyla.storozhuk/repository/org/apiguardian/apiguardian-api/1.1.2/apiguardian-api-1.1.2.jar:/Users/liudmyla.storozhuk/repository/org/junit/jupiter/junit-jupiter-params/5.11.4/junit-jupiter-params-5.11.4.jar:/Users/liudmyla.storozhuk/repository/org/junit/jupiter/junit-jupiter-engine/5.11.4/junit-jupiter-engine-5.11.4.jar:/Users/liudmyla.storozhuk/repository/org/junit/platform/junit-platform-engine/1.11.4/junit-platform-engine-1.11.4.jar:/Users/liudmyla.storozhuk/repository/org/mockito/mockito-core/5.14.2/mockito-core-5.14.2.jar:/Users/liudmyla.storozhuk/repository/net/bytebuddy/byte-buddy-agent/1.15.11/byte-buddy-agent-1.15.11.jar:/Users/liudmyla.storozhuk/repository/org/objenesis/objenesis/3.3/objenesis-3.3.jar:/Users/liudmyla.storozhuk/repository/org/mockito/mockito-junit-jupiter/5.14.2/mockito-junit-jupiter-5.14.2.jar:/Users/liudmyla.storozhuk/repository/org/skyscreamer/jsonassert/1.5.3/jsonassert-1.5.3.jar:/Users/liudmyla.storozhuk/repository/com/vaadin/external/google/android-json/0.0.20131108.vaadin1/android-json-0.0.20131108.vaadin1.jar:/Users/liudmyla.storozhuk/repository/org/springframework/spring-core/6.2.3/spring-core-6.2.3.jar:/Users/liudmyla.storozhuk/repository/org/springframework/spring-jcl/6.2.3/spring-jcl-6.2.3.jar:/Users/liudmyla.storozhuk/repository/org/springframework/spring-test/6.2.3/spring-test-6.2.3.jar:/Users/liudmyla.storozhuk/repository/org/xmlunit/xmlunit-core/2.10.0/xmlunit-core-2.10.0.jar:/Users/liudmyla.storozhuk/repository/jakarta/servlet/jakarta.servlet-api/6.0.0/jakarta.servlet-api-6.0.0.jar:/Users/liudmyla.storozhuk/repository/org/apache/tomcat/embed/tomcat-embed-core/10.1.36/tomcat-embed-core-10.1.36.jar:/Users/liudmyla.storozhuk/repository/org/apache/tomcat/tomcat-annotations-api/10.1.36/tomcat-annotations-api-10.1.36.jar:"/>
    <property name="sun.cpu.endian" value="little"/>
    <property name="user.home" value="/Users/liudmyla.storozhuk"/>
    <property name="user.language" value="it"/>
    <property name="java.specification.vendor" value="Oracle Corporation"/>
    <property name="java.version.date" value="2025-01-21"/>
    <property name="java.home" value="/opt/homebrew/Cellar/openjdk@17/17.0.14/libexec/openjdk.jdk/Contents/Home"/>
    <property name="file.separator" value="/"/>
    <property name="basedir" value="/Users/liudmyla.storozhuk/ls-demo-app"/>
    <property name="java.vm.compressedOopsMode" value="Zero based"/>
    <property name="line.separator" value="&#10;"/>
    <property name="java.vm.specification.vendor" value="Oracle Corporation"/>
    <property name="java.specification.name" value="Java Platform API Specification"/>
    <property name="FILE_LOG_CHARSET" value="UTF-8"/>
    <property name="java.awt.headless" value="true"/>
    <property name="surefire.real.class.path" value="/Users/liudmyla.storozhuk/ls-demo-app/target/surefire/surefirebooter-20250226164505055_3.jar"/>
    <property name="sun.management.compiler" value="HotSpot 64-Bit Tiered Compilers"/>
    <property name="ftp.nonProxyHosts" value="local|*.local|169.254/16|*.169.254/16"/>
    <property name="java.runtime.version" value="17.0.14+0"/>
    <property name="user.name" value="liudmyla.storozhuk"/>
    <property name="path.separator" value=":"/>
    <property name="os.version" value="15.3.1"/>
    <property name="java.runtime.name" value="OpenJDK Runtime Environment"/>
    <property name="file.encoding" value="UTF-8"/>
    <property name="java.vm.name" value="OpenJDK 64-Bit Server VM"/>
    <property name="java.vendor.version" value="Homebrew"/>
    <property name="localRepository" value="/Users/liudmyla.storozhuk/repository"/>
    <property name="java.vendor.url.bug" value="https://github.com/Homebrew/homebrew-core/issues"/>
    <property name="java.io.tmpdir" value="/var/folders/x5/k85w0n8n26vdyxlqqy76vqr40000gp/T/"/>
    <property name="java.version" value="17.0.14"/>
    <property name="user.dir" value="/Users/liudmyla.storozhuk/ls-demo-app"/>
    <property name="os.arch" value="aarch64"/>
    <property name="java.vm.specification.name" value="Java Virtual Machine Specification"/>
    <property name="PID" value="42002"/>
    <property name="CONSOLE_LOG_CHARSET" value="UTF-8"/>
    <property name="native.encoding" value="UTF-8"/>
    <property name="java.library.path" value="/Users/liudmyla.storozhuk/Library/Java/Extensions:/Library/Java/Extensions:/Network/Library/Java/Extensions:/System/Library/Java/Extensions:/usr/lib/java:."/>
    <property name="java.vm.info" value="mixed mode, sharing"/>
    <property name="java.vendor" value="Homebrew"/>
    <property name="java.vm.version" value="17.0.14+0"/>
    <property name="java.specification.maintenance.version" value="1"/>
    <property name="sun.io.unicode.encoding" value="UnicodeBig"/>
    <property name="socksNonProxyHosts" value="local|*.local|169.254/16|*.169.254/16"/>
    <property name="java.class.version" value="61.0"/>
  </properties>
  <testcase name="contextLoads" classname="com.example.demo.DemoApplicationTests" time="0.323">
    <system-out><![CDATA[16:45:05.325 [main] INFO org.springframework.test.context.support.AnnotationConfigContextLoaderUtils -- Could not detect default configuration classes for test class [com.example.demo.DemoApplicationTests]: DemoApplicationTests does not declare any static, non-private, non-final, nested classes annotated with @Configuration.
16:45:05.362 [main] INFO org.springframework.boot.test.context.SpringBootTestContextBootstrapper -- Found @SpringBootConfiguration com.example.demo.DemoApplication for test class com.example.demo.DemoApplicationTests

  .   ____          _            __ _ _
 /\\ / ___'_ __ _ _(_)_ __  __ _ \ \ \ \
( ( )\___ | '_ | '_| | '_ \/ _` | \ \ \ \
 \\/  ___)| |_)| | | | | || (_| |  ) ) ) )
  '  |____| .__|_| |_|_| |_\__, | / / / /
 =========|_|==============|___/=/_/_/_/

 :: Spring Boot ::                (v3.4.3)

2025-02-26T16:45:05.503+01:00  INFO 42002 --- [           main] com.example.demo.DemoApplicationTests    : Starting DemoApplicationTests using Java 17.0.14 with PID 42002 (started by liudmyla.storozhuk in /Users/liudmyla.storozhuk/ls-demo-app)
2025-02-26T16:45:05.503+01:00  INFO 42002 --- [           main] com.example.demo.DemoApplicationTests    : The following 1 profile is active: "staging"
2025-02-26T16:45:05.875+01:00  INFO 42002 --- [           main] r$InitializeUserDetailsManagerConfigurer : Global AuthenticationManager configured with UserDetailsService bean with name userDetailsService
2025-02-26T16:45:06.039+01:00  INFO 42002 --- [           main] com.example.demo.DemoApplicationTests    : Started DemoApplicationTests in 0.635 seconds (process running for 0.944)
]]></system-out>
  </testcase>
</testsuite>